0:100  0:100  MemLog inited, TSC freq: 2394454815
0:100  0:000  CPU was calibrated with ACPI PM Timer
0:100  0:000  
0:100  0:000  Now is 6.3.2019,  14:38:26 (GMT)
0:100  0:000  Starting Clover revision: 4895 on American Megatrends EFI
0:100  0:000  Build with: [Args: -nb -mc --no-usb -D NO_GRUB_DRIVERS_EMBEDDED | -D DISABLE_USB_SUPPORT -D NO_GRUB_DRIVERS_EMBEDDED -D USE_BIOS_BLOCKIO -D USE_LOW_EBDA -D HAVE_LEGACY_EMURUNTIMEDXE -a X64 -b RELEASE -t XCODE8 -n 5 | OS: 10.13.6 | XCODE: 10.1]
0:100  0:000  SelfDevicePath=PciRoot(0x0)\Pci(0x1D,0x0)\USB(0x1,0x0)\USB(0x2,0x0)\HD(1,MBR,0x00000000,0x800,0x64000) @BF209098
0:100  0:000  SelfDirPath = \EFI\BOOT
0:100  0:000  === [ Get Smbios ] ========================================
0:100  0:000  Type 16 Index = 0
0:100  0:000  Total Memory Slots Count = 2
0:100  0:000  Type 17 Index = 0
0:100  0:000  SmbiosTable.Type17->Speed = 1600MHz
0:100  0:000  SmbiosTable.Type17->Size = 8192MB
0:100  0:000  SmbiosTable.Type17->Bank/Device = BANK 0 ChannelA-DIMM0
0:100  0:000  SmbiosTable.Type17->Vendor = 0420
0:100  0:000  SmbiosTable.Type17->SerialNumber = 00000000
0:100  0:000  SmbiosTable.Type17->PartNumber = F3-1600C11-8GRSL  
0:100  0:000  Type 17 Index = 1
0:100  0:000  Ignoring insane frequency value 0MHz
0:100  0:000  SmbiosTable.Type17->Speed = 0MHz
0:100  0:000  SmbiosTable.Type17->Size = 0MB
0:100  0:000  SmbiosTable.Type17->Bank/Device = BANK 2 ChannelB-DIMM0
0:100  0:000  SmbiosTable.Type17->Vendor = <null string>
0:100  0:000  SmbiosTable.Type17->SerialNumber = <null string>
0:100  0:000  SmbiosTable.Type17->PartNumber = <null string>
0:100  0:000  Boot status=0
0:100  0:000  Running on: 'GE60 2PC' with board 'MS-16GF'
0:100  0:000  === [ GetCPUProperties ] ==================================
0:100  0:000  CPU Vendor = 756E6547 Model=306C3
0:100  0:000   The CPU supported SSE4.1
0:100  0:000  BrandString = Intel(R) Core(TM) i7-4700HQ CPU @ 2.40GHz
0:100  0:000   The CPU supported turbo
0:100  0:000  MSR 0x35               40008
0:100  0:000  MSR 0xE2 before patch 1E008405
0:100  0:000  MSR 0xE2 is locked, PM patches will be turned on
0:100  0:000  MSR 0xCE              00080838_F3011800
0:100  0:000  corrected FLEX_RATIO = 40000
0:100  0:000  MSR 0x1B0             00000000
0:100  0:000  FSBFrequency = 100 MHz, DMI FSBFrequency = 100 MHz, Corrected FSBFrequency = 100 MHz
0:100  0:000  MaxDiv/MinDiv: 24.0/8
0:100  0:000  Turbo: 32/32/33/34
0:100  0:000  Features: 0xBFEBFBFF
0:100  0:000  Threads: 8
0:100  0:000  Cores: 4
0:100  0:000  FSB: 100 MHz
0:100  0:000  CPU: 2400 MHz
0:100  0:000  TSC: 2400 MHz
0:100  0:000  PIS: 100 MHz
0:100  0:000  ExternalClock: 25 MHz
0:100  0:000  === [ GetDevices ] ========================================
0:100  0:000  PCI (00|00:00.00) : 8086 0C04 class=060000
0:100  0:000  PCI (00|00:01.00) : 8086 0C01 class=060400
0:100  0:000  PCI (00|01:00.00) : 10DE 1391 class=030200
0:100  0:000  PCI (00|00:02.00) : 8086 0416 class=030000
0:100  0:000   - GFX: Model=Intel HD Graphics 4600 (Intel)
0:100  0:000  PCI (00|00:03.00) : 8086 0C0C class=040300
0:100  0:000  PCI (00|00:14.00) : 8086 8C31 class=0C0330
0:100  0:000  PCI (00|00:16.00) : 8086 8C3A class=078000
0:100  0:000  PCI (00|00:16.01) : FFFF FFFF class=FFFFFF
0:100  0:000  PCI (00|00:1A.00) : 8086 8C2D class=0C0320
0:100  0:000  PCI (00|00:1B.00) : 8086 8C20 class=040300
0:100  0:000  PCI (00|00:1C.00) : 8086 8C10 class=060400
0:100  0:000  PCI (00|00:1C.03) : 8086 8C16 class=060400
0:100  0:000  PCI (00|03:00.00) : 1969 E091 class=020000
0:100  0:000   - LAN: 0 Vendor=Atheros
0:100  0:000  PCI (00|00:1C.04) : 8086 8C18 class=060400
0:101  0:000  PCI (00|04:00.00) : 10EC 5249 class=FF0000
0:101  0:000  PCI (00|00:1C.05) : 8086 8C1A class=060400
0:101  0:000  PCI (00|05:00.00) : 8086 08B3 class=028000
0:101  0:000   - WIFI: Vendor=Intel
0:101  0:000  PCI (00|00:1D.00) : 8086 8C26 class=0C0320
0:101  0:000  PCI (00|00:1F.00) : 8086 8C4B class=060100
0:101  0:000  PCI (00|00:1F.02) : 8086 8C03 class=010601
0:101  0:000  PCI (00|00:1F.03) : 8086 8C22 class=0C0500
0:101  0:000  PCI (00|00:1F.06) : FFFF FFFF class=FFFFFF
0:101  0:000  === [ GetDefaultSettings ] ================================
0:101  0:000  Clover load options size = 4 bytes
0:108  0:007  EFI\CLOVER\config.plist loaded: Success
0:108  0:000  === [ GetListOfThemes ] ===================================
0:109  0:001  - [00]: BGM
0:118  0:008  - [01]: RANDOM
0:120  0:001  - [01]: EMBEDDED
0:121  0:001  === [ Found config plists ] ===============================
0:121  0:000  - config.plist
0:121  0:000  - config all fine.plist
0:121  0:000  === [ GetEarlyUserSettings ] ==============================
0:121  0:000  timeout set to 1
0:121  0:000  Custom boot CUSTOM_BOOT_DISABLED (0x0)
0:121  0:000  KextsToPatch: 5 requested
0:121  0:000   - [00]: com.apple.driver.usb.AppleUSBXHCI (Port limit increase) :: MatchOS: 10.12.x :: BinPatch :: data len: 7
0:121  0:000   - [01]: com.apple.driver.usb.AppleUSBXHCI (Port limit increase (RehabMan)) :: MatchOS: 10.13.x :: BinPatch :: data len: 10
0:121  0:000   - [02]: com.apple.driver.usb.AppleUSBXHCI (Port limit increase (PMHeart)) :: MatchOS: 10.14.0 :: BinPatch :: data len: 9
0:121  0:000   - patch disabled at config
0:121  0:000   - [03]: com.apple.driver.usb.AppleUSBXHCI (Port limit increase (Ricky)) :: MatchOS: 10.14.x :: BinPatch :: data len: 9
0:121  0:000   - [04]: AppleAHCIPort (External Icons Patch) :: BinPatch :: data len: 8
0:121  0:000  === [ LoadDrivers ] =======================================
0:125  0:003  Loading HFSPlus-64.efi  status=Success
0:129  0:003   - driver needs connecting
0:129  0:000  Loading DataHubDxe-64.efi  status=Success
0:139  0:010  Loading CsmVideoDxe-64.efi  status=Success
0:142  0:002   - driver needs connecting
0:142  0:000  Loading FSInject-64.efi  status=Success
0:145  0:003  Loading Fat-64.efi  status=Success
0:149  0:003   - driver needs connecting
0:149  0:000  Loading EnglishDxe-64.efi  status=Success
0:151  0:001  Loading ApfsDriverLoader-64.efi  status=Success
0:153  0:002   - driver needs connecting
0:153  0:000  Loading AppleImageLoader-64.efi  status=Success
0:155  0:002  Loading EmuVariableUefi-64.efi  status=Success
0:158  0:002  EmuVariableUefi Initialize: VariableCommonInitialize = Success, orig services stored, install gEmuVariableControlProtocolGuid = Success
0:158  0:000  Loading SMCHelper-64.efi  status=Success
0:160  0:002  Loading AptioInputFix-64.efi  status=Success
0:163  0:002  Loading AptioMemoryFix-64.efi  status=Success
0:167  0:004  Loading AudioDxe-64.efi  status=Success
0:171  0:004   - driver needs connecting
0:171  0:000  Loading HPFanReset.efi  status=Success
0:263  0:092  HPFanReset: successfully set fan control to BIOS mode.
0:263  0:000  5 drivers needs connecting ...
0:263  0:000  PlatformDriverOverrideProtocol->GetDriver overriden
0:263  0:000  HFS+ driver loaded
0:263  0:000  APFS driver loaded
0:264  0:000  Video driver loaded: disconnect Success
0:384  0:120  Searching for invalid DiskIo BY_DRIVER connects: not found, all ok
0:397  0:013  CsmVideoDriverBindingStart
0:397  0:000  Enable the device status=Unsupported
0:397  0:000  attributes Restored
0:397  0:000  CsmVideoDriverBindingStart end Unsupported
0:397  0:000  CsmVideoDriverBindingStart
0:397  0:000  mixed support=40010
0:397  0:000  Controller is [030000]
0:397  0:000  Check for VBE
0:399  0:002   found Detail Timing 1920x1080
0:399  0:000  timing string after 0xFE:N156HGE-EA1
 
0:399  0:000  timing string after 0xFE:CMN
         
0:399  0:000  timing string after 0xFE:N156HGE-EA1
 
0:400  0:000    0 1280x1024 attr=9B - ok, edid-
0:400  0:000    1 1024x768 attr=9B - ok, edid-, 1024x768, working, highest, pref=1
0:400  0:000    2 640x480 attr=9B - ok, edid-, 640x480, working
0:400  0:000    3 800x600 attr=9B - ok, edid-, 800x600, working
0:400  0:000    4 1920x1080 attr=9B - ok, edid+, working, highest, pref=4
0:400  0:000  CsmVideo: New mode: 4 1920x1080 - set
0:591  0:190   - SetMode pref 4 (4) = Success
0:591  0:000  CsmVideoCheckForVbe - Success
0:591  0:000  CsmVideoDriverBindingStart end Success
0:745  0:154  CsmVideo: New mode: 2 640x480 - set
5:924  5:178  EmuVariable InstallEmulation: orig vars copied, emu.var.services installed, CreateEvent VirtualAddressChange = Success, CreateEvent ExitBootServices = Success, set Status=Success
5:936  0:011  === [ InitScreen ] ========================================
5:936  0:000  Console modes reported: 4, available modes:
5:936  0:000   - [01]: 80x25 (current mode)
5:936  0:000   - [02]: 80x50
5:936  0:000   - [03]: 100x31
5:936  0:000   - [04]: 240x56
5:936  0:000  SetScreenResolution: 1920x1080 - setting Mode 4
5:936  0:000  CsmVideo: New mode: 4 1920x1080 - set
6:130  0:193  Video mode change to mode #4: Success
6:130  0:000  reinit: self device path=PciRoot(0x0)\Pci(0x1D,0x0)\USB(0x1,0x0)\USB(0x2,0x0)\HD(1,MBR,0x00000000,0x800,0x64000)
6:131  0:001  Using embedded font: Success
6:132  0:001  === [ GetMacAddress ] =====================================
6:132  0:000  MAC address of LAN #0= 44:8A:5B:43:87:A1:
6:132  0:000  === [ ScanSPD ] ===========================================
6:132  0:000  Scanning SMBus [8086:8C22], mmio: 0xF7B19004, ioport: 0xF040, hostc: 0x11
6:149  0:017  Slot: 0 Type 24 8192MB 1600MHz Vendor=G Skill Intl PartNo=F3-1600C11-8GRSL SerialNo=0000000000000000
6:150  0:000  === [ GetAcpiTablesList ] =================================
6:150  0:000  Get Acpi Tables List from RSDT:
6:150  0:000   - [00]: FACP  MEGABOOK len=132
6:150  0:000   - [01]: APIC  MEGABOOK len=146
6:150  0:000   - [02]: FPDT  MEGABOOK len=68
6:150  0:000   - [03]: FIDT  MEGABOOK len=156
6:150  0:000   - [04]: ASF!   HCG len=165
6:150  0:000   - [05]: SSDT  sensrhub len=552
6:150  0:000   - [06]: SSDT  zpodd len=399
6:150  0:000   - [07]: SLIC  MEGABOOK len=374
6:150  0:000   - [08]: SSDT  Cpu0Ist len=1397
6:150  0:000   - [09]: SSDT  CpuPm len=2776
6:150  0:000   - [10]: MCFG  MEGABOOK len=60
6:150  0:000   - [11]: HPET  MEGABOOK len=56
6:150  0:000   - [12]: SSDT  SataTabl len=789
6:150  0:000   - [13]: SSDT  SaSsdt  len=13648
6:150  0:000   - [14]: SSDT  SgPeg len=5533
6:150  0:000   - [15]: MSFF  MEGABOOK len=41
6:150  0:000   - [16]: BGRT  MEGABOOK len=56
6:150  0:000   - [17]: DMAR  HSW  len=184
6:150  0:000   - [18]: SSDT  OptTabl len=5191
6:150  0:000  Calibrated TSC Frequency = 2394454815 = 2394MHz
6:151  0:000  === [ GetUserSettings ] ===================================
6:151  0:000  Add 2 devices:
6:151  0:000  USB FixOwnership: yes
6:151  0:000  Dropping 2 tables:
6:151  0:000   - [00]: Drop table  signature="DMAR" (52414D44)
6:151  0:000           - set table: 52414D44,                0 to drop: yes
6:151  0:000   - [01]: Drop table  signature="MATS" (5354414D)
6:151  0:000           - set table: 5354414D,                0 to drop: no
6:151  0:000   - final DSDT Fix mask=0006005E
6:151  0:000  PatchesDSDT: 6 requested
6:151  0:000   - [00]: (change EHC1 to EH01) lenToFind: 4, lenToReplace: 4, Target Bridge: <null string>
6:151  0:000   - [01]: (change EHC2 to EH02) lenToFind: 4, lenToReplace: 4, Target Bridge: <null string>
6:151  0:000   - [02]: (change XHCI to XHC) lenToFind: 4, lenToReplace: 4, Target Bridge: <null string>
6:151  0:000   - [03]: (change XHC1 to XHC) lenToFind: 4, lenToReplace: 4, Target Bridge: <null string>
6:151  0:000   - [04]: (change SAT0 to SATA) lenToFind: 4, lenToReplace: 4, Target Bridge: <null string>
6:151  0:000   - [05]: (change GFX0 to IGPU) lenToFind: 4, lenToReplace: 4, Target Bridge: <null string>
6:151  0:000  Using ProductName from config: MacBookPro11,2
6:151  0:000  Using latest BiosVersion from clover
6:151  0:000  BiosVersion: MBP112.88Z.F000.B00.1812191215
6:151  0:000  BiosReleaseDate: 12/19/2018
6:151  0:000  Using EfiVersion from config: 149.0.0.0.0
6:151  0:000  Using FirmwareFeatures from config: 0xE80FE137
6:151  0:000  Using FirmwareFeaturesMask from config: 0xFF1FFF3F
6:151  0:000  Board-ID set from config as Mac-3CBD00234E554E41
6:151  0:000  BoardType: 0xA
6:151  0:000  ChassisType: 0xA
6:151  0:000  Converted CustomUUID DCD5A249-3467-4D52-8FCA-3825FFDAC7A9
6:152  0:001  === [ Found DSDT tables ] =================================
6:223  0:071  === [ ScanVolumes ] =======================================
6:223  0:000  Found 14 volumes with blockIO
6:223  0:000  - [00]: Volume: PciRoot(0x0)\Pci(0x1D,0x0)\USB(0x1,0x0)\USB(0x2,0x0)
6:224  0:000          Result of bootcode detection: bootable unknown (legacy)
6:224  0:000          USB volume
6:224  0:000          USB volume
6:224  0:000  - [01]: Volume: PciRoot(0x0)\Pci(0x1D,0x0)\USB(0x1,0x0)\USB(0x2,0x0)\HD(1,MBR,0x00000000,0x800,0x64000)
6:225  0:000          Result of bootcode detection: bootable unknown (legacy)
6:225  0:000          USB volume
6:225  0:000          USB volume
6:305  0:080          This is SelfVolume !!
6:305  0:000  - [02]: Volume: PciRoot(0x0)\Pci(0x1D,0x0)\USB(0x1,0x0)\USB(0x2,0x0)\HD(2,MBR,0x00000000,0x65000,0x3943000)
6:306  0:000          USB volume
6:306  0:000          USB volume
6:306  0:000  - [03]: Volume: PciRoot(0x0)\Pci(0x1F,0x2)\Sata(0x0,0xFFFF,0x0)
6:306  0:000          Found optical drive
6:306  0:000  - [04]: Volume: PciRoot(0x0)\Pci(0x1F,0x2)\Sata(0x1,0xFFFF,0x0)
6:306  0:000  - [05]: Volume: PciRoot(0x0)\Pci(0x1F,0x2)\Sata(0x4,0xFFFF,0x0)
6:308  0:002  - [06]: Volume: PciRoot(0x0)\Pci(0x1F,0x2)\Sata(0x1,0xFFFF,0x0)\HD(1,MBR,0x2D514EAD,0x800,0x64000)
6:309  0:000          Result of bootcode detection: bootable unknown (legacy)
6:314  0:005  - [07]: Volume: PciRoot(0x0)\Pci(0x1F,0x2)\Sata(0x1,0xFFFF,0x0)\HD(2,MBR,0x2D514EAD,0x65000,0x1BEBF000)
6:315  0:000  - [08]: Volume: PciRoot(0x0)\Pci(0x1F,0x2)\Sata(0x4,0xFFFF,0x0)\HD(1,GPT,8ECDF4F0-A26F-43E5-8D78-D738F5890591,0x28,0x64000)
6:315  0:000          Result of bootcode detection: bootable unknown (legacy)
6:320  0:004  - [09]: Volume: PciRoot(0x0)\Pci(0x1F,0x2)\Sata(0x4,0xFFFF,0x0)\HD(2,GPT,5900B3DE-6E97-45CC-AF55-5D841BDB5EBE,0x64028,0x3A321FE0)
6:321  0:000          Result of bootcode detection: bootable unknown (legacy)
6:321  0:000  - [10]: Volume: PciRoot(0x0)\Pci(0x1F,0x2)\Sata(0x4,0xFFFF,0x0)\HD(2,GPT,5900B3DE-6E97-45CC-AF55-5D841BDB5EBE,0x64028,0x3A321FE0)\VenMedia(BE74FCF7-0B7C-49F3-9147-01F4042E6842,0C8734490D3C264EA671EF9D56D369EC)
6:321  0:000  - [11]: Volume: PciRoot(0x0)\Pci(0x1F,0x2)\Sata(0x4,0xFFFF,0x0)\HD(2,GPT,5900B3DE-6E97-45CC-AF55-5D841BDB5EBE,0x64028,0x3A321FE0)\VenMedia(BE74FCF7-0B7C-49F3-9147-01F4042E6842,6E29574134524C3EA2952935204E64FC)
6:321  0:000  - [12]: Volume: PciRoot(0x0)\Pci(0x1F,0x2)\Sata(0x4,0xFFFF,0x0)\HD(2,GPT,5900B3DE-6E97-45CC-AF55-5D841BDB5EBE,0x64028,0x3A321FE0)\VenMedia(BE74FCF7-0B7C-49F3-9147-01F4042E6842,119F374BE31406408076BB4FFE68F56F)
6:321  0:000  - [13]: Volume: PciRoot(0x0)\Pci(0x1F,0x2)\Sata(0x4,0xFFFF,0x0)\HD(2,GPT,5900B3DE-6E97-45CC-AF55-5D841BDB5EBE,0x64028,0x3A321FE0)\VenMedia(BE74FCF7-0B7C-49F3-9147-01F4042E6842,B35D005A07E3E14BB64C78BC255AA90F)
6:322  0:000  Loading nvram.plist from Vol 'EFI' - loaded, size=6554
6:324  0:001  === [ PutNvramPlistToRtVars ] =============================
6:324  0:000   Adding Key: EFILoginHiDPI: Size = 4, Data: 00 00 00 00 
6:324  0:000   Skipping EmuVariableUefiPresent
6:324  0:000   Adding Key: SystemAudioVolume: Size = 1, Data: 3E 
6:324  0:000   Adding Key: SystemAudioVolumeDB: Size = 1, Data: FE 
6:324  0:000   Adding Key: backlight-level: Size = 2, Data: EC 04 
6:324  0:000   Adding Key: bluetoothActiveControllerInfo: Size = 16, Data: DC 07 87 80 00 00 00 00 13 1A A0 88 69 5D 0A 0B 
6:324  0:000   Adding Key: csr-active-config: Size = 4, Data: 03 00 00 00 
6:324  0:000   Adding Key: efi-apple-payload0: Size = 417, Data: 3C 61 72 72 61 79 3E 3C 64 69 63 74 3E 3C 6B 65 79 3E 49 4F 4D 61 74 63 68 3C 2F 6B 65 79 3E 3C 64 69 63 74 3E 3C 6B 65 79 3E 49 4F 50 72 6F 76 69 64 65 72 43 6C 61 73 73 3C 2F 6B 65 79 3E 3C 73 74 72 69 6E 67 3E 49 4F 4D 65 64 69 61 3C 2F 73 74 72 69 6E 67 3E 3C 6B 65 79 3E 49 4F 50 72 6F 70 65 72 74 79 4D 61 74 63 68 3C 2F 6B 65 79 3E 3C 64 69 63 74 3E 3C 6B 65 79 3E 55 55 49 44 3C 2F 6B 65 79 3E 3C 73 74 72 69 6E 67 3E 30 35 43 32 45 39 37 39 2D 30 41 41 34 2D 34 43 38 35 2D 39 34 37 36 2D 33 44 45 39 34 35 33 38 39 43 36 31 3C 2F 73 74 72 69 6E 67 3E 3C 2F 64 69 63 74 3E 3C 2F 64 69 63 74 3E 3C 6B 65 79 3E 42 4C 4C 61 73 74 42 53 44 4E 61 6D 65 3C 2F 6B 65 79 3E 3C 73 74 72 69 6E 67 3E 64 69 73 6B 30 73 31 3C 2F 73 74 72 69 6E 67 3E 3C 2F 64 69 63 74 3E 3C 64 69 63 74 3E 3C 6B 65 79 3E 49 4F 45 46 49 44 65 76 69 63 65 50 61 74 68 54 79 70 65 3C 2F 6B 65 79 3E 3C 73 74 72 69 6E 67 3E 4D 65 64 69 61 46 69 6C 65 50 61 74 68 3C 2F 73 74 72 69 6E 67 3E 3C 6B 65 79 3E 50 61 74 68 3C 2F 6B 65 79 3E 3C 73 74 72 69 6E 67 3E 5C 45 46 49 5C 41 50 50 4C 45 5C 55 50 44 41 54 45 52 53 5C 4D 55 4C 54 49 55 50 44 41 54 45 52 5C 53 6D 63 46 6C 61 73 68 65 72 2E 65 66 69 3C 2F 73 74 72 69 6E 67 3E 3C 2F 64 69 63 74 3E 3C 2F 61 72 72 61 79 3E 00 
6:324  0:000   Adding Key: efi-apple-payload0-data: Size = 174, Data: 02 01 0C 00 D0 41 03 0A 00 00 00 00 01 01 06 00 02 1F 03 12 0A 00 04 00 00 00 00 00 04 01 2A 00 01 00 00 00 28 00 00 00 00 00 00 00 00 40 06 00 00 00 00 00 79 E9 C2 05 A4 0A 85 4C 94 76 3D E9 45 38 9C 61 02 02 04 04 64 00 5C 00 45 00 46 00 49 00 5C 00 41 00 50 00 50 00 4C 00 45 00 5C 00 55 00 50 00 44 00 41 00 54 00 45 00 52 00 53 00 5C 00 4D 00 55 00 4C 00 54 00 49 00 55 00 50 00 44 00 41 00 54 00 45 00 52 00 5C 00 53 00 6D 00 63 00 46 00 6C 00 61 00 73 00 68 00 65 00 72 00 2E 00 65 00 66 00 69 00 00 00 7F FF 04 00 
6:324  0:000   Adding Key: efi-apple-payload1: Size = 419, Data: 3C 61 72 72 61 79 3E 3C 64 69 63 74 3E 3C 6B 65 79 3E 49 4F 4D 61 74 63 68 3C 2F 6B 65 79 3E 3C 64 69 63 74 3E 3C 6B 65 79 3E 49 4F 50 72 6F 76 69 64 65 72 43 6C 61 73 73 3C 2F 6B 65 79 3E 3C 73 74 72 69 6E 67 3E 49 4F 4D 65 64 69 61 3C 2F 73 74 72 69 6E 67 3E 3C 6B 65 79 3E 49 4F 50 72 6F 70 65 72 74 79 4D 61 74 63 68 3C 2F 6B 65 79 3E 3C 64 69 63 74 3E 3C 6B 65 79 3E 55 55 49 44 3C 2F 6B 65 79 3E 3C 73 74 72 69 6E 67 3E 30 35 43 32 45 39 37 39 2D 30 41 41 34 2D 34 43 38 35 2D 39 34 37 36 2D 33 44 45 39 34 35 33 38 39 43 36 31 3C 2F 73 74 72 69 6E 67 3E 3C 2F 64 69 63 74 3E 3C 2F 64 69 63 74 3E 3C 6B 65 79 3E 42 4C 4C 61 73 74 42 53 44 4E 61 6D 65 3C 2F 6B 65 79 3E 3C 73 74 72 69 6E 67 3E 64 69 73 6B 30 73 31 3C 2F 73 74 72 69 6E 67 3E 3C 2F 64 69 63 74 3E 3C 64 69 63 74 3E 3C 6B 65 79 3E 49 4F 45 46 49 44 65 76 69 63 65 50 61 74 68 54 79 70 65 3C 2F 6B 65 79 3E 3C 73 74 72 69 6E 67 3E 4D 65 64 69 61 46 69 6C 65 50 61 74 68 3C 2F 73 74 72 69 6E 67 3E 3C 6B 65 79 3E 50 61 74 68 3C 2F 6B 65 79 3E 3C 73 74 72 69 6E 67 3E 5C 45 46 49 5C 41 50 50 4C 45 5C 55 50 44 41 54 45 52 53 5C 4D 55 4C 54 49 55 50 44 41 54 45 52 5C 66 6C 61 73 68 65 72 5F 62 61 73 65 2E 73 6D 63 3C 2F 73 74 72 69 6E 67 3E 3C 2F 64 69 63 74 3E 3C 2F 61 72 72 61 79 3E 00 
6:324  0:000   Adding Key: efi-apple-payload1-data: Size = 178, Data: 02 01 0C 00 D0 41 03 0A 00 00 00 00 01 01 06 00 02 1F 03 12 0A 00 04 00 00 00 00 00 04 01 2A 00 01 00 00 00 28 00 00 00 00 00 00 00 00 40 06 00 00 00 00 00 79 E9 C2 05 A4 0A 85 4C 94 76 3D E9 45 38 9C 61 02 02 04 04 68 00 5C 00 45 00 46 00 49 00 5C 00 41 00 50 00 50 00 4C 00 45 00 5C 00 55 00 50 00 44 00 41 00 54 00 45 00 52 00 53 00 5C 00 4D 00 55 00 4C 00 54 00 49 00 55 00 50 00 44 00 41 00 54 00 45 00 52 00 5C 00 66 00 6C 00 61 00 73 00 68 00 65 00 72 00 5F 00 62 00 61 00 73 00 65 00 2E 00 73 00 6D 00 63 00 00 00 7F FF 04 00 
6:324  0:000   Adding Key: efi-apple-payload2: Size = 421, Data: 3C 61 72 72 61 79 3E 3C 64 69 63 74 3E 3C 6B 65 79 3E 49 4F 4D 61 74 63 68 3C 2F 6B 65 79 3E 3C 64 69 63 74 3E 3C 6B 65 79 3E 49 4F 50 72 6F 76 69 64 65 72 43 6C 61 73 73 3C 2F 6B 65 79 3E 3C 73 74 72 69 6E 67 3E 49 4F 4D 65 64 69 61 3C 2F 73 74 72 69 6E 67 3E 3C 6B 65 79 3E 49 4F 50 72 6F 70 65 72 74 79 4D 61 74 63 68 3C 2F 6B 65 79 3E 3C 64 69 63 74 3E 3C 6B 65 79 3E 55 55 49 44 3C 2F 6B 65 79 3E 3C 73 74 72 69 6E 67 3E 30 35 43 32 45 39 37 39 2D 30 41 41 34 2D 34 43 38 35 2D 39 34 37 36 2D 33 44 45 39 34 35 33 38 39 43 36 31 3C 2F 73 74 72 69 6E 67 3E 3C 2F 64 69 63 74 3E 3C 2F 64 69 63 74 3E 3C 6B 65 79 3E 42 4C 4C 61 73 74 42 53 44 4E 61 6D 65 3C 2F 6B 65 79 3E 3C 73 74 72 69 6E 67 3E 64 69 73 6B 30 73 31 3C 2F 73 74 72 69 6E 67 3E 3C 2F 64 69 63 74 3E 3C 64 69 63 74 3E 3C 6B 65 79 3E 49 4F 45 46 49 44 65 76 69 63 65 50 61 74 68 54 79 70 65 3C 2F 6B 65 79 3E 3C 73 74 72 69 6E 67 3E 4D 65 64 69 61 46 69 6C 65 50 61 74 68 3C 2F 73 74 72 69 6E 67 3E 3C 6B 65 79 3E 50 61 74 68 3C 2F 6B 65 79 3E 3C 73 74 72 69 6E 67 3E 5C 45 46 49 5C 41 50 50 4C 45 5C 55 50 44 41 54 45 52 53 5C 4D 55 4C 54 49 55 50 44 41 54 45 52 5C 66 6C 61 73 68 65 72 5F 75 70 64 61 74 65 2E 73 6D 63 3C 2F 73 74 72 69 6E 67 3E 3C 2F 64 69 63 74 3E 3C 2F 61 72 72 61 79 3E 00 
6:324  0:000   Adding Key: efi-apple-payload2-data: Size = 182, Data: 02 01 0C 00 D0 41 03 0A 00 00 00 00 01 01 06 00 02 1F 03 12 0A 00 04 00 00 00 00 00 04 01 2A 00 01 00 00 00 28 00 00 00 00 00 00 00 00 40 06 00 00 00 00 00 79 E9 C2 05 A4 0A 85 4C 94 76 3D E9 45 38 9C 61 02 02 04 04 6C 00 5C 00 45 00 46 00 49 00 5C 00 41 00 50 00 50 00 4C 00 45 00 5C 00 55 00 50 00 44 00 41 00 54 00 45 00 52 00 53 00 5C 00 4D 00 55 00 4C 00 54 00 49 00 55 00 50 00 44 00 41 00 54 00 45 00 52 00 5C 00 66 00 6C 00 61 00 73 00 68 00 65 00 72 00 5F 00 75 00 70 00 64 00 61 00 74 00 65 00 2E 00 73 00 6D 00 63 00 00 00 7F FF 04 00 
6:324  0:000   Adding Key: efi-apple-payload3: Size = 427, Data: 3C 61 72 72 61 79 3E 3C 64 69 63 74 3E 3C 6B 65 79 3E 49 4F 4D 61 74 63 68 3C 2F 6B 65 79 3E 3C 64 69 63 74 3E 3C 6B 65 79 3E 49 4F 50 72 6F 76 69 64 65 72 43 6C 61 73 73 3C 2F 6B 65 79 3E 3C 73 74 72 69 6E 67 3E 49 4F 4D 65 64 69 61 3C 2F 73 74 72 69 6E 67 3E 3C 6B 65 79 3E 49 4F 50 72 6F 70 65 72 74 79 4D 61 74 63 68 3C 2F 6B 65 79 3E 3C 64 69 63 74 3E 3C 6B 65 79 3E 55 55 49 44 3C 2F 6B 65 79 3E 3C 73 74 72 69 6E 67 3E 30 35 43 32 45 39 37 39 2D 30 41 41 34 2D 34 43 38 35 2D 39 34 37 36 2D 33 44 45 39 34 35 33 38 39 43 36 31 3C 2F 73 74 72 69 6E 67 3E 3C 2F 64 69 63 74 3E 3C 2F 64 69 63 74 3E 3C 6B 65 79 3E 42 4C 4C 61 73 74 42 53 44 4E 61 6D 65 3C 2F 6B 65 79 3E 3C 73 74 72 69 6E 67 3E 64 69 73 6B 30 73 31 3C 2F 73 74 72 69 6E 67 3E 3C 2F 64 69 63 74 3E 3C 64 69 63 74 3E 3C 6B 65 79 3E 49 4F 45 46 49 44 65 76 69 63 65 50 61 74 68 54 79 70 65 3C 2F 6B 65 79 3E 3C 73 74 72 69 6E 67 3E 4D 65 64 69 61 46 69 6C 65 50 61 74 68 3C 2F 73 74 72 69 6E 67 3E 3C 6B 65 79 3E 50 61 74 68 3C 2F 6B 65 79 3E 3C 73 74 72 69 6E 67 3E 5C 45 46 49 5C 41 50 50 4C 45 5C 55 50 44 41 54 45 52 53 5C 4D 55 4C 54 49 55 50 44 41 54 45 52 5C 4D 61 63 2D 32 37 41 44 42 42 37 42 34 43 45 45 38 45 36 31 2E 65 70 6D 3C 2F 73 74 72 69 6E 67 3E 3C 2F 64 69 63 74 3E 3C 2F 61 72 72 61 79 3E 00 
6:324  0:000   Adding Key: efi-apple-payload3-data: Size = 194, Data: 02 01 0C 00 D0 41 03 0A 00 00 00 00 01 01 06 00 02 1F 03 12 0A 00 04 00 00 00 00 00 04 01 2A 00 01 00 00 00 28 00 00 00 00 00 00 00 00 40 06 00 00 00 00 00 79 E9 C2 05 A4 0A 85 4C 94 76 3D E9 45 38 9C 61 02 02 04 04 78 00 5C 00 45 00 46 00 49 00 5C 00 41 00 50 00 50 00 4C 00 45 00 5C 00 55 00 50 00 44 00 41 00 54 00 45 00 52 00 53 00 5C 00 4D 00 55 00 4C 00 54 00 49 00 55 00 50 00 44 00 41 00 54 00 45 00 52 00 5C 00 4D 00 61 00 63 00 2D 00 32 00 37 00 41 00 44 00 42 00 42 00 37 00 42 00 34 00 43 00 45 00 45 00 38 00 45 00 36 00 31 00 2E 00 65 00 70 00 6D 00 00 00 7F FF 04 00 
6:324  0:000   Adding Key: efi-boot-device: Size = 216, Data: 3C 61 72 72 61 79 3E 3C 64 69 63 74 3E 3C 6B 65 79 3E 49 4F 4D 61 74 63 68 3C 2F 6B 65 79 3E 3C 64 69 63 74 3E 3C 6B 65 79 3E 49 4F 50 72 6F 76 69 64 65 72 43 6C 61 73 73 3C 2F 6B 65 79 3E 3C 73 74 72 69 6E 67 3E 49 4F 4D 65 64 69 61 3C 2F 73 74 72 69 6E 67 3E 3C 6B 65 79 3E 49 4F 50 72 6F 70 65 72 74 79 4D 61 74 63 68 3C 2F 6B 65 79 3E 3C 64 69 63 74 3E 3C 6B 65 79 3E 55 55 49 44 3C 2F 6B 65 79 3E 3C 73 74 72 69 6E 67 3E 35 39 30 30 42 33 44 45 2D 36 45 39 37 2D 34 35 43 43 2D 41 46 35 35 2D 35 44 38 34 31 42 44 42 35 45 42 45 3C 2F 73 74 72 69 6E 67 3E 3C 2F 64 69 63 74 3E 3C 2F 64 69 63 74 3E 3C 2F 64 69 63 74 3E 3C 2F 61 72 72 61 79 3E 
6:324  0:000   Adding Key: efi-boot-device-data: Size = 110, Data: 02 01 0C 00 D0 41 03 0A 00 00 00 00 01 01 06 00 02 1F 03 12 0A 00 04 00 FF FF 00 00 04 01 2A 00 02 00 00 00 28 40 06 00 00 00 00 00 E0 1F 32 3A 00 00 00 00 DE B3 00 59 97 6E CC 45 AF 55 5D 84 1B DB 5E BE 02 02 04 03 24 00 F7 FC 74 BE 7C 0B F3 49 91 47 01 F4 04 2E 68 42 6E 29 57 41 34 52 4C 3E A2 95 29 35 20 4E 64 FC 7F FF 04 00 
6:324  0:000   Adding Key: fakesmc-key-#KEY-ui32: Size = 4, Data: 00 00 00 11 
6:324  0:000   Adding Key: fakesmc-key-$Adr-ui32: Size = 4, Data: 00 00 03 00 
6:324  0:000   Adding Key: fakesmc-key-$Num-ui8: Size = 1, Data: 01 
6:324  0:000   Adding Key: fakesmc-key-BATP-flag: Size = 1, Data: 00 
6:324  0:000   Adding Key: fakesmc-key-BBIN-ui8: Size = 1, Data: 01 
6:324  0:000   Adding Key: fakesmc-key-BEMB-flag: Size = 1, Data: 00 
6:324  0:000   Adding Key: fakesmc-key-BNum-ui8: Size = 1, Data: 00 
6:324  0:000   Adding Key: fakesmc-key-EPCI-ui32: Size = 4, Data: 07 B0 F0 00 
6:324  0:000   Adding Key: fakesmc-key-MSAc-ui16: Size = 2, Data: 00 00 
6:324  0:000   Adding Key: fakesmc-key-MSFW-ui8: Size = 2, Data: 01 00 
6:324  0:000   Adding Key: fakesmc-key-MSPS-ui16: Size = 2, Data: 00 03 
6:324  0:000   Adding Key: fakesmc-key-MSTc-ui8: Size = 1, Data: 00 
6:324  0:000   Adding Key: fakesmc-key-MSWr-ui8: Size = 1, Data: 00 
6:324  0:000   Adding Key: fakesmc-key-RBr -ch8*: Size = 8, Data: 6A 34 35 00 31 37 00 00 
6:324  0:000   Adding Key: fakesmc-key-REV -ch8*: Size = 6, Data: 02 18 0F 00 00 15 
6:324  0:000   Adding Key: fakesmc-key-RMde-char: Size = 1, Data: 41 
6:324  0:000   Adding Key: fakesmc-key-RPlt-ch8*: Size = 8, Data: 6A 34 35 00 00 00 00 00 
6:324  0:000   Adding Key: flagstate: Size = 32, Data: 00 00 00 00 00 00 00 00 00 00 00 00 00 00 00 00 00 00 00 00 00 00 00 00 00 00 00 00 00 00 00 00 
6:324  0:000   Adding Key: fmm-computer-name: Size = 14, Data: 54 72 75 6E 67 E2 80 99 73 20 69 4D 61 63 
6:324  0:000   Adding Key: multiupdater-retry-limits: Size = 12, Data: 01 00 00 00 01 00 00 00 00 00 00 00 
6:324  0:000   Adding Key: multiupdater-state: Size = 20, Data: 01 00 00 00 01 00 00 00 00 00 00 00 00 00 00 00 00 00 00 00 
6:324  0:000   Adding Key: platform-uuid: Size = 16, Data: 00 00 00 00 00 00 00 00 00 00 00 00 00 00 00 00 
6:324  0:000   Adding Key: prev-lang:kbd: Size = 4, Data: 65 6E 3A 30 
6:324  0:000   Adding Key: security-mode: String: Size = 4, Val = 'none'
6:324  0:000   Adding Key: specialbootdevice: Size = 110, Data: 02 01 0C 00 D0 41 03 0A 00 00 00 00 01 01 06 00 02 1F 03 12 0A 00 04 00 FF FF 00 00 04 01 2A 00 02 00 00 00 28 40 06 00 00 00 00 00 E0 1F 32 3A 00 00 00 00 DE B3 00 59 97 6E CC 45 AF 55 5D 84 1B DB 5E BE 02 02 04 03 24 00 F7 FC 74 BE 7C 0B F3 49 91 47 01 F4 04 2E 68 42 6E 29 57 41 34 52 4C 3E A2 95 29 35 20 4E 64 FC 7F FF 04 00 
6:324  0:000  found 2 handles with audio
6:324  0:000  No AudioIoDevice stored
6:324  0:000  no stored audio parameters
6:324  0:000  === [ InitTheme ] =========================================
6:324  0:000  use daylight theme
6:324  0:000  no default theme, get random theme BGM
6:324  0:000   using embedded theme
6:324  0:000  got embedded sound
6:324  0:000    Channels: 2  Sample rate: 8000 Hz  Bits: 16
6:324  0:000  output to channel 0 with volume 70, len=25600
6:324  0:000   sound channels=2 bits=16 freq=8000
6:325  0:000  sound converted to 48kHz
6:325  0:000  not found AudioIo to play
6:325  0:000  sound play end with status=B76D7784
6:325  0:000  Using embedded font: Success
6:325  0:000  theme inited
6:325  0:000  Chosen embedded theme
6:325  0:000  after NVRAM boot-args=keepsyms=1 dart=0 debug=0x100 -v nv_disable=1
6:325  0:000  === [ Dump SMC keys from NVRAM ] ==========================
6:325  0:000  found AppleSMC protocol
6:326  0:000  Registered 17 SMC keys
6:326  0:000  === [ ScanLoader ] ========================================
6:326  0:000  - [01]: 'CLOVER EFI'
6:326  0:000          AddLoaderEntry for Volume Name=CLOVER EFI
6:326  0:000          skipped because entry is hidden
6:326  0:000  - [02]: 'Install macOS Mojave'
6:327  0:001          AddLoaderEntry for Volume Name=Install macOS Mojave
6:330  0:002  - [06]: 'EFI-250'
6:331  0:001          AddLoaderEntry for Volume Name=EFI-250
6:331  0:000          skipped because entry is hidden
6:331  0:000  - [07]: '250'
6:331  0:000  - [08]: 'EFI'
6:332  0:000          AddLoaderEntry for Volume Name=EFI
6:332  0:000          skipped because entry is hidden
6:332  0:000  - [10]: 'Preboot'
6:335  0:003          AddLoaderEntry for Volume Name=Preboot
6:338  0:002      Check if volume Is Hibernated:
6:338  0:000      Check sleep image 'by signature':
6:338  0:000      using default sleep image name = \private\var\vm\sleepimage
6:338  0:000      sleepimage not found -> Not Found
6:338  0:000      hibernated: no - sign
6:339  0:001          AddLoaderEntry for Volume Name=Preboot
6:345  0:005  - [11]: 'Hackintosh'
6:381  0:036          AddLoaderEntry for Volume Name=Hackintosh
6:390  0:008      Check if volume Is Hibernated:
6:390  0:000      Check sleep image 'by signature':
6:407  0:016      read prefs \Library\Preferences\com.apple.PowerManagement.plist status=Success
6:407  0:000      using default sleep image name = \private\var\vm\sleepimage
6:416  0:009      sleepimage not found -> Not Found
6:416  0:000      hibernated: no - sign
6:423  0:006  - [12]: 'Recovery'
6:425  0:001          AddLoaderEntry for Volume Name=Recovery
6:430  0:005  - [13]: 'VM'
6:430  0:000  Scanning legacy ...
6:430  0:000  === [ AddCustomTool ] =====================================
6:431  0:000  found tool \EFI\CLOVER\tools\Shell64U.efi
6:431  0:000  Checking EFI partition Volume 8 for Clover
6:434  0:003   Found Clover
6:434  0:000  EmuVariable UninstallEmulation: CloseEvent = Success, original var services restored
6:435  0:000  EmuVariable InstallEmulation: orig vars copied, emu.var.services installed, CreateEvent VirtualAddressChange = Success, CreateEvent ExitBootServices = Success, set Status=Success
6:446  0:010  === [ GetEfiBootDeviceFromNvram ] =========================
6:446  0:000   - efi-boot-device-data: PciRoot(0x0)\Pci(0x1F,0x2)\Sata(0x4,0xFFFF,0x0)\HD(2,GPT,5900B3DE-6E97-45CC-AF55-5D841BDB5EBE,0x64028,0x3A321FE0)\VenMedia(BE74FCF7-0B7C-49F3-9147-01F4042E6842,6E29574134524C3EA2952935204E64FC)
6:446  0:000    - Volume: 'PciRoot(0x0)\Pci(0x1F,0x2)\Sata(0x4,0xFFFF,0x0)\HD(2,GPT,5900B3DE-6E97-45CC-AF55-5D841BDB5EBE,0x64028,0x3A321FE0)\VenMedia(BE74FCF7-0B7C-49F3-9147-01F4042E6842,6E29574134524C3EA2952935204E64FC)'
6:446  0:000    - LoaderPath: '<null string>'
6:446  0:000    - Guid = 5900B3DE-6E97-45CC-AF55-5D841BDB5EBE
6:446  0:000  === [ FindStartupDiskVolume ] =============================
6:446  0:000    - Volume: partition = PciRoot(0x0)\Pci(0x1F,0x2)\Sata(0x4,0xFFFF,0x0)\HD(2,GPT,5900B3DE-6E97-45CC-AF55-5D841BDB5EBE,0x64028,0x3A321FE0)\VenMedia(BE74FCF7-0B7C-49F3-9147-01F4042E6842,6E29574134524C3EA2952935204E64FC)
6:446  0:000     - searching for that partition
6:446  0:000      - found entry 3. 'Boot macOS from Hackintosh', Volume 'Hackintosh'
6:446  0:000  Boot redirected to Entry 3. 'Boot macOS from Hackintosh'
6:446  0:000  EmuVariable UninstallEmulation: CloseEvent = Success, original var services restored
6:446  0:000  DefaultIndex=3 and MainMenu.EntryCount=11
7:608  1:162  GUI ready
10:326  2:718  Boot option Boot0000 not found
10:326  0:000  === [ StartLoader ] =======================================
10:326  0:000  Finally: ExternalClock=25MHz BusSpeed=99769kHz CPUFreq=2394MHz PIS: hw.busfrequency=100000000Hz
10:326  0:000  Loading boot.efi  status=Success
10:470  0:144  GetOSVersion: 10.14.3 (18D109)
10:470  0:000  CSR_CFG: CSR_ALLOW_UNTRUSTED_KEXTS | CSR_ALLOW_UNRESTRICTED_FS
10:470  0:000  Filtering KextPatches:
10:470  0:000   - [00]: com.apple.driver.usb.AppleUSBXHCI (Port limit increase) :: BinPatch :: [OS: 10.14.3 | MatchOS: 10.12.x | MatchBuild: All] ==> not allowed
10:470  0:000   - [01]: com.apple.driver.usb.AppleUSBXHCI (Port limit increase (RehabMan)) :: BinPatch :: [OS: 10.14.3 | MatchOS: 10.13.x | MatchBuild: All] ==> not allowed
10:470  0:000   - [02]: com.apple.driver.usb.AppleUSBXHCI (Port limit increase (PMHeart)) :: BinPatch :: [OS: 10.14.3 | MatchOS: 10.14.0 | MatchBuild: All] ==> disabled by user
10:470  0:000   - [03]: com.apple.driver.usb.AppleUSBXHCI (Port limit increase (Ricky)) :: BinPatch :: [OS: 10.14.3 | MatchOS: 10.14.x | MatchBuild: All] ==> allowed
10:470  0:000   - [04]: AppleAHCIPort (External Icons Patch) :: BinPatch :: [OS: 10.14.3 | MatchOS: All | MatchBuild: All] ==> allowed
10:470  0:000  Will not patch boot.efi
10:470  0:000  EmuVariable InstallEmulation: orig vars copied, emu.var.services installed, CreateEvent VirtualAddressChange = Success, CreateEvent ExitBootServices = Success, set Status=Success
10:481  0:010  === [ PatchSmbios ] =======================================
10:481  0:000  insert table 9 for dev 0:0
10:481  0:000  insert table 9 for dev 0:0
10:482  0:000  Trusting SMBIOS...
10:482  0:000  Channels: 1
10:482  0:000  Interleave: 0 1 2 3 4 5 6 7 8 9 10 11 12 13 14 15 16 17 18 19 20 21 22 23
10:482  0:000   partNum=F3-1600C11-8GRSL  
10:482  0:000  SMBIOS Type 17 Index = 0 => 0 0:
10:482  0:000  BANK 0 DIMM0 1600MHz 8192MB
10:482  0:000  SMBIOS Type 17 Index = 1 => 1 1:
10:482  0:000  BANK 0 DIMM1 EMPTY
10:482  0:000  mTotalSystemMemory = 8192
10:482  0:000  NumberOfMemoryDevices = 2
10:482  0:000  Type20[0]->End = 0x7FFFFF, Type17[0] = 0x2000
10:482  0:000  Table 131 is present, CPUType=31
10:482  0:000  Change to: 705
10:482  0:000  === [ PatchACPI ] =========================================
10:482  0:000  Xsdt reallocation done
10:482  0:000  old FADT length=10C
10:482  0:000   SignatureFixup: 0x5AEE2BBB -> 0x0
10:483  0:000  Apply DsdtFixMask=0x0006005E
10:483  0:000     drop _DSM mask=0xFFFF
10:483  0:000  === [ FixBiosDsdt ] =======================================
10:483  0:000  Patching DSDT:
10:483  0:000   - [change EHC1 to EH01]: pattern 45484331, patched at: [ (3916) (57D0) (F) (10) ]
10:483  0:000   - [change EHC2 to EH02]: pattern 45484332, patched at: [ (3E9F) (5282) (F) (10) ]
10:483  0:000   - [change XHCI to XHC]: pattern 58484349, patched at: [ (545) (43E5) (73) (3) (49) (3) ]
10:483  0:000   - [change XHC1 to XHC]: pattern 58484331, bin not found / already patched!
10:483  0:000   - [change SAT0 to SATA]: pattern 53415430, patched at: [ (58B6) (23) (2E) (12) (2C23) (35) (172) (1B) (21) (21) (21) (13D) (29) (2E) (2E) (2E) (E5) ]
10:483  0:000   - [change GFX0 to IGPU]: pattern 47465830, patched at: [ (7006) (22B) (67) (1B) (13) (19) (98) (1B) (13) (19) (1D0) (1B) (148) (1D) (DF3) (30) (16B) (373) (51C) (633) (14) (E01) (A2A) (1D0) (1DCF) ]
10:483  0:000    0 replacements
10:483  0:000  found RTC Length not match, Maybe will cause CMOS reset, will patch it.
10:483  0:000  found RTC had IRQNoFlag will move -3 bytes
10:484  0:000  found PIC had IRQNoFlag will move -3 bytes
10:484  0:000  Start HPET Fix
10:484  0:000  Name _OSI present at 0x6FC4, renaming to OOSI
10:484  0:000  Name _OSI present at 0x6FF5, renaming to OOSI
10:484  0:000  Name _OSI present at 0x7026, renaming to OOSI
10:484  0:000  Name _OSI present at 0x7057, renaming to OOSI
10:484  0:000  Name _OSI present at 0x7088, renaming to OOSI
10:484  0:000  Name _OSI present at 0x70B8, renaming to OOSI
10:484  0:000  Name _OSI present at 0x70EC, renaming to OOSI
10:484  0:000  Name _OSI present at 0x711F, renaming to OOSI
10:484  0:000  Name _OSI present at 0x8133, renaming to OOSI
10:484  0:000  Name _OSI present at 0x813A, renaming to OOSI
10:484  0:000  Name _OSI present at 0x814F, renaming to OOSI
10:484  0:000  Name _OSI present at 0x816B, renaming to OOSI
10:484  0:000  Name _OSI present at 0x818B, renaming to OOSI
10:484  0:000  Name _OSI present at 0x81AB, renaming to OOSI
10:484  0:000  Name _OSI present at 0x81C9, renaming to OOSI
10:484  0:000  Name _OSI present at 0x81E5, renaming to OOSI
10:484  0:000  Name _OSI present at 0x8201, renaming to OOSI
10:484  0:000  Name _OSI present at 0x821D, renaming to OOSI
10:484  0:000  Name _OSI present at 0x8D07, renaming to OOSI
10:484  0:000  Name _OSI present at 0xA26D, renaming to OOSI
10:484  0:000  Name _OSI present at 0xA28B, renaming to OOSI
10:484  0:000  Name _OSI present at 0xA2A9, renaming to OOSI
10:484  0:000  Name _OSI present at 0xA2C7, renaming to OOSI
10:484  0:000  Name _OSI present at 0xA2E5, renaming to OOSI
10:484  0:000  Name _OSI present at 0xA302, renaming to OOSI
10:484  0:000  Name _OSI present at 0xA322, renaming to OOSI
10:484  0:000  Name _OSI present at 0xA342, renaming to OOSI
10:485  0:000  PreCleanup XSDT: count=19, length=188
10:485  0:000  PreCleanup XSDT, corrected XSDT: count=19, length=188
10:485  0:000  === [ ACPIDropTables ] ====================================
10:485  0:000  Drop tables from XSDT, SIGN=DMAR TableID=HSW  Length=184
10:485  0:000   Table[17]: DMAR  HSW   184 dropped
10:485  0:000  0. [change EHC1 to EH01]: pattern 45484331, bin not found / already patched!
10:485  0:000  1. [change EHC2 to EH02]: pattern 45484332, bin not found / already patched!
10:485  0:000  2. [change XHCI to XHC]: pattern 58484349, bin not found / already patched!
10:485  0:000  3. [change XHC1 to XHC]: pattern 58484331, bin not found / already patched!
10:485  0:000  4. [change SAT0 to SATA]: pattern 53415430, bin not found / already patched!
10:485  0:000  5. [change GFX0 to IGPU]: pattern 47465830, bin not found / already patched!
10:485  0:000    0 replacements
10:485  0:000  0. [change EHC1 to EH01]: pattern 45484331, bin not found / already patched!
10:485  0:000  1. [change EHC2 to EH02]: pattern 45484332, bin not found / already patched!
10:485  0:000  2. [change XHCI to XHC]: pattern 58484349, bin not found / already patched!
10:485  0:000  3. [change XHC1 to XHC]: pattern 58484331, bin not found / already patched!
10:485  0:000  4. [change SAT0 to SATA]: pattern 53415430, patched at: [ (27) (148) ]
10:485  0:000  5. [change GFX0 to IGPU]: pattern 47465830, bin not found / already patched!
10:485  0:000    0 replacements
10:485  0:000  0. [change EHC1 to EH01]: pattern 45484331, bin not found / already patched!
10:485  0:000  1. [change EHC2 to EH02]: pattern 45484332, bin not found / already patched!
10:485  0:000  2. [change XHCI to XHC]: pattern 58484349, bin not found / already patched!
10:485  0:000  3. [change XHC1 to XHC]: pattern 58484331, bin not found / already patched!
10:485  0:000  4. [change SAT0 to SATA]: pattern 53415430, bin not found / already patched!
10:485  0:000  5. [change GFX0 to IGPU]: pattern 47465830, bin not found / already patched!
10:485  0:000    0 replacements
10:485  0:000  0. [change EHC1 to EH01]: pattern 45484331, bin not found / already patched!
10:485  0:000  1. [change EHC2 to EH02]: pattern 45484332, bin not found / already patched!
10:485  0:000  2. [change XHCI to XHC]: pattern 58484349, bin not found / already patched!
10:485  0:000  3. [change XHC1 to XHC]: pattern 58484331, bin not found / already patched!
10:485  0:000  4. [change SAT0 to SATA]: pattern 53415430, bin not found / already patched!
10:485  0:000  5. [change GFX0 to IGPU]: pattern 47465830, bin not found / already patched!
10:485  0:000    0 replacements
10:485  0:000  Found OperationRegion(PPMT, SystemMemory, CB9E9F18, ...)
10:485  0:000  0. [change EHC1 to EH01]: pattern 45484331, bin not found / already patched!
10:485  0:000  1. [change EHC2 to EH02]: pattern 45484332, bin not found / already patched!
10:485  0:000  2. [change XHCI to XHC]: pattern 58484349, bin not found / already patched!
10:485  0:000  3. [change XHC1 to XHC]: pattern 58484331, bin not found / already patched!
10:485  0:000  4. [change SAT0 to SATA]: pattern 53415430, patched at: [ (B5) ]
10:485  0:000  5. [change GFX0 to IGPU]: pattern 47465830, bin not found / already patched!
10:485  0:000    0 replacements
10:485  0:000  0. [change EHC1 to EH01]: pattern 45484331, bin not found / already patched!
10:485  0:000  1. [change EHC2 to EH02]: pattern 45484332, bin not found / already patched!
10:485  0:000  2. [change XHCI to XHC]: pattern 58484349, bin not found / already patched!
10:485  0:000  3. [change XHC1 to XHC]: pattern 58484331, bin not found / already patched!
10:485  0:000  4. [change SAT0 to SATA]: pattern 53415430, bin not found / already patched!
10:485  0:000  5. [change GFX0 to IGPU]: pattern 47465830, patched at: [ (DD1) (17) (17) (1A) (1914) (B3E) (1D) ]
10:485  0:000    0 replacements
10:485  0:000  Found OperationRegion(SANV, SystemMemory, CB9D8E18, ...)
10:485  0:000  Found OperationRegion(CCDC, SystemMemory, 80000000, ...)
10:485  0:000  0. [change EHC1 to EH01]: pattern 45484331, bin not found / already patched!
10:485  0:000  1. [change EHC2 to EH02]: pattern 45484332, bin not found / already patched!
10:485  0:000  2. [change XHCI to XHC]: pattern 58484349, bin not found / already patched!
10:485  0:000  3. [change XHC1 to XHC]: pattern 58484331, bin not found / already patched!
10:485  0:000  4. [change SAT0 to SATA]: pattern 53415430, bin not found / already patched!
10:485  0:000  5. [change GFX0 to IGPU]: pattern 47465830, patched at: [ (10AC) (1F) (22) (2A) (1B) (1B) (22) (1B) (1B) (24) (22) (2A) (22) (2A) (22) (2A) (22) (2A) (22) (2A) (22) ]
10:485  0:000    0 replacements
10:485  0:000  0. [change EHC1 to EH01]: pattern 45484331, bin not found / already patched!
10:485  0:000  1. [change EHC2 to EH02]: pattern 45484332, bin not found / already patched!
10:485  0:000  2. [change XHCI to XHC]: pattern 58484349, bin not found / already patched!
10:485  0:000  3. [change XHC1 to XHC]: pattern 58484331, bin not found / already patched!
10:485  0:000  4. [change SAT0 to SATA]: pattern 53415430, bin not found / already patched!
10:485  0:000  5. [change GFX0 to IGPU]: pattern 47465830, patched at: [ (258) (8B) (4F3) (C22) (11) ]
10:485  0:000    0 replacements
10:485  0:000  === [ ACPIPatchedAML ] ====================================
10:485  0:000  Unsorted
10:485  0:000  Inserting SSDT-EH01.aml from EFI\CLOVER\ACPI\patched: size=260 ... Success
10:506  0:021  Inserting SSDT-EH02.aml from EFI\CLOVER\ACPI\patched: size=260 ... Success
10:507  0:000  Inserting SSDT-XOSI.aml from EFI\CLOVER\ACPI\patched: size=206 ... Success
10:508  0:000  Inserting SSDT-XHC.AML from EFI\CLOVER\ACPI\patched: size=350 ... Success
10:508  0:000  Inserting SSDT-SATA.aml from EFI\CLOVER\ACPI\patched: size=296 ... Success
10:509  0:000  Inserting SSDT-PNLF.aml from EFI\CLOVER\ACPI\patched: size=1028 ... Success
10:511  0:001  Inserting SSDT-RMCF.aml from EFI\CLOVER\ACPI\patched: size=911 ... Success
10:512  0:001  Inserting SSDT-IGPU.aml from EFI\CLOVER\ACPI\patched: size=5362 ... Success
10:513  0:000  CPUBase=0 and ApicCPUBase=1 ApicCPUNum=8
10:513  0:000  Maximum control=0x18
10:513  0:000  Turbo control=0x22
10:513  0:000  P-States: min 0x8, max 0x22
10:513  0:000  SSDT with plugin-type without P-States is generated
10:513  0:000  Cleanup XSDT: count=28, length=260
10:513  0:000  corrected XSDT count=27, length=252
10:513  0:000  === [ RestSetup macOS ] ===================================
10:513  0:000  EdidDiscovered size=128
10:513  0:000  --- Discovered EDID Table size:128
10:513  0:000  000  |  00  FF  FF  FF  FF  FF  FF  00  0D  AE
10:513  0:000  010  |  C0  15  00  00  00  00  04  17  01  04
10:513  0:000  020  |  95  22  13  78  02  46  35  9E  57  57
10:513  0:000  030  |  94  27  14  50  54  00  00  00  01  01
10:513  0:000  040  |  01  01  01  01  01  01  01  01  01  01
10:513  0:000  050  |  01  01  01  01  38  3B  80  2C  71  38
10:513  0:000  060  |  3A  40  5A  3C  69  00  58  C2  10  00
10:513  0:000  070  |  00  18  00  00  00  FE  00  4E  31  35
10:513  0:000  080  |  36  48  47  45  2D  45  41  31  0A  20
10:513  0:000  090  |  00  00  00  FE  00  43  4D  4E  0A  20
10:513  0:000  100  |  20  20  20  20  20  20  20  20  00  00
10:513  0:000  110  |  00  FE  00  4E  31  35  36  48  47  45
10:513  0:000  120  |  2D  45  41  31  0A  20  00  AB
10:513  0:000  add device: PciRoot(0x0)/Pci(0x3,0x0)
10:513  0:000     Add key=layout-id valuelen=4
10:513  0:000  add device: PciRoot(0x0)/Pci(0x2,0x0)
10:513  0:000     Add key=framebuffer-portcount valuelen=4
10:513  0:000     Add key=framebuffer-patch-enable valuelen=4
10:513  0:000     Add key=framebuffer-cursormem valuelen=4
10:513  0:000     Add key=framebuffer-con1-enable valuelen=4
10:513  0:000     Add key=framebuffer-con1-0d260007-alldata valuelen=36
10:513  0:000     Add key=framebuffer-con1-0a260006-alldata valuelen=36
10:513  0:000  Intel GFX injection not set
10:513  0:000   setting specified layout-id=1 (0x1)
10:513  0:000   setting specified layout-id=1 (0x1)
10:513  0:000  stringlength = 3396
10:514  0:000  CurrentMode: Width=1920 Height=1080
10:514  0:000  Beginning FSInjection
FSInjectionInstall ...
- Our FSI_SIMPLE_FILE_SYSTEM_PROTOCOL installed on handle: BF276E18
FSInjectionInstall ...
- Our FSI_SIMPLE_FILE_SYSTEM_PROTOCOL installed on handle: BF276E18
10:514  0:000  Use origin smbios table type 1 guid.
10:514  0:000  Preparing kexts injection for arch=x86_64 from EFI\CLOVER\kexts\Other
10:514  0:000  Extra kext: EFI\CLOVER\kexts\Other\ACPIBatteryManager.kext (v.1.90.1)
10:521  0:006  Extra kext: EFI\CLOVER\kexts\Other\NullCPUPowerManagement.kext (v.1.0.0d2)
10:529  0:008  Extra kext: EFI\CLOVER\kexts\Other\AppleALC.kext (v.1.3.4)
10:609  0:080  Extra kext: EFI\CLOVER\kexts\Other\XHCI-unsupported.kext (v.0.9.2)
10:611  0:001  Extra kext: EFI\CLOVER\kexts\Other\FakeSMC.kext (v.1800)
10:621  0:010  Extra kext: EFI\CLOVER\kexts\Other\VoodooPS2Controller.kext (v.1.8.34)
10:629  0:008    |-- PlugIn kext: EFI\CLOVER\kexts\Other\VoodooPS2Controller.kext\Contents\PlugIns\VoodooPS2Mouse.kext (v.1.8.34)
10:635  0:005    |-- PlugIn kext: EFI\CLOVER\kexts\Other\VoodooPS2Controller.kext\Contents\PlugIns\VoodooPS2Keyboard.kext (v.1.8.34)
10:645  0:009    |-- PlugIn kext: EFI\CLOVER\kexts\Other\VoodooPS2Controller.kext\Contents\PlugIns\VoodooPS2Trackpad.kext (v.1.8.34)
10:655  0:010  Extra kext: EFI\CLOVER\kexts\Other\WhateverGreen.kext (v.1.2.5)
10:684  0:028  Extra kext: EFI\CLOVER\kexts\Other\AtherosE2200Ethernet.kext (v.2.2.2)
10:691  0:007  Extra kext: EFI\CLOVER\kexts\Other\SATA-unsupported.kext (v.0.9.2)
10:694  0:002  SetStartupDiskVolume:
10:694  0:000    * Volume: 'Hackintosh'
10:694  0:000    * LoaderPath: '<null string>'
10:694  0:000    * DevPath: Hackintosh
10:694  0:000    * GUID = 5900B3DE-6E97-45CC-AF55-5D841BDB5EBE
10:694  0:000    * efi-boot-device: <array><dict><key>IOMatch</key><dict><key>IOProviderClass</key><string>IOMedia</string><key>IOPropertyMatch</key><dict><key>UUID</key><string>5900B3DE-6E97-45CC-AF55-5D841BDB5EBE</string></dict></dict></dict></array>
10:694  0:000  Custom boot screen not used because entry has unset use graphics
10:694  0:000  Closing log
